<?xml version="1.0" encoding="UTF-8"?>
<!-- Generated by org.testng.reporters.JUnitReportReporter -->
<testsuite skipped="0" hostname="KALAMSIR-PC" name="tests.Runner3" tests="1" failures="0" timestamp="2021-02-08T15:51:34 IST" time="0.087" errors="0">
  <testcase name="feature" time="0.087" classname="tests.Runner3"/>
  <system-out/>
</testsuite> <!-- tests.Runner3 -->
